#
# A fatal error has been detected by the Java Runtime Environment:
#
#  EXCEPTION_ACCESS_VIOLATION (0xc0000005) at pc=0x0000000054d9ef33, pid=3236, tid=0x0000000000002140
#
# JRE version: Java(TM) SE Runtime Environment (8.0_162-b12) (build 1.8.0_162-b12)
# Java VM: Java HotSpot(TM) 64-Bit Server VM (25.162-b12 mixed mode windows-amd64 compressed oops)
# Problematic frame:
# V  [jvm.dll+0x13ef33]
#
# Failed to write core dump. Minidumps are not enabled by default on client versions of Windows
#
# If you would like to submit a bug report, please visit:
#   http://bugreport.java.com/bugreport/crash.jsp
#

---------------  T H R E A D  ---------------

Current thread (0x000000001d5ed800):  JavaThread "JavaFX Application Thread" [_thread_in_vm, id=8512, stack(0x000000001de00000,0x000000001df00000)]

siginfo: ExceptionCode=0xc0000005, reading address 0x00000002a7527e68

Registers:
RAX=0x0000000000000000, RBX=0x000000001d5ed800, RCX=0x0000000000000003, RDX=0x00000002a7527e00
RSP=0x000000001defb970, RBP=0x000000001defbac0, RSI=0x000000001d5ed9f8, RDI=0x000000001d5ed800
R8 =0xffff800632fe2ef0, R9 =0x00007ff9cd01d13f, R10=0x000000000000002f, R11=0x000000000000002f
R12=0x000000001defbcf8, R13=0x0000000000000000, R14=0x000000001defbcf0, R15=0x0000000000000000
RIP=0x0000000054d9ef33, EFLAGS=0x0000000000010206

Top of Stack: (sp=0x000000001defb970)
0x000000001defb970:   00007ff9cd01d110 000000001d5ed800
0x000000001defb980:   000000001defbac0 0000000000000000
0x000000001defb990:   000000001d5ed800 0000000000000000
0x000000001defb9a0:   0000000000000000 0000000000000000
0x000000001defb9b0:   000000001d5b6f40 00007ff9ccff6777
0x000000001defb9c0:   000000001d5ed9f8 000000001defbac0
0x000000001defb9d0:   000000001d5ed800 0000000002341797
0x000000001defb9e0:   0000000002341aa0 0000000000000000
0x000000001defb9f0:   0000000000000000 0000000000000000
0x000000001defba00:   00000000023416a0 000000001b010000
0x000000001defba10:   000000001defb970 0000000000000000
0x000000001defba20:   0000000000000000 0000000000000000
0x000000001defba30:   0000000000000000 0000000000000000
0x000000001defba40:   0000000000000000 0000000000000000
0x000000001defba50:   000000001defbcc0 0000000000000000
0x000000001defba60:   000000001defbcd8 000000001defbcd0 

Instructions: (pc=0x0000000054d9ef33)
0x0000000054d9ef13:   00 00 48 8b 17 74 15 8b 52 08 8b 0d 85 58 66 00
0x0000000054d9ef23:   48 d3 e2 48 03 15 73 58 66 00 eb 04 48 8b 52 08
0x0000000054d9ef33:   48 8b 52 68 48 8b ce e8 31 7b 0d 00 48 83 7c 24
0x0000000054d9ef43:   28 00 48 8b f0 74 0a 48 8d 4c 24 20 e8 2c d2 13 


Register to memory mapping:

RAX=0x0000000000000000 is an unknown value
RBX=0x000000001d5ed800 is a thread
RCX=0x0000000000000003 is an unknown value
RDX=0x00000002a7527e00 is an unknown value
RSP=0x000000001defb970 is pointing into the stack for thread: 0x000000001d5ed800
RBP=0x000000001defbac0 is pointing into the stack for thread: 0x000000001d5ed800
RSI=0x000000001d5ed9f8 is an unknown value
RDI=0x000000001d5ed800 is a thread
R8 =0xffff800632fe2ef0 is an unknown value
R9 =0x00007ff9cd01d13f is an unknown value
R10=0x000000000000002f is an unknown value
R11=0x000000000000002f is an unknown value
R12=0x000000001defbcf8 is pointing into the stack for thread: 0x000000001d5ed800
R13=0x0000000000000000 is an unknown value
R14=0x000000001defbcf0 is pointing into the stack for thread: 0x000000001d5ed800
R15=0x0000000000000000 is an unknown value


Stack: [0x000000001de00000,0x000000001df00000],  sp=0x000000001defb970,  free space=1006k
Native frames: (J=compiled Java code, j=interpreted, Vv=VM code, C=native code)
V  [jvm.dll+0x13ef33]
C  0x00007ff9ccff6777
C  0x00000000022f8c67

Java frames: (J=compiled Java code, j=interpreted, Vv=VM code)
j  com.microsoft.sqlserver.jdbc.AuthenticationJNI.SNISecGenClientContext([B[I[BI[B[I[ZLjava/lang/String;Ljava/lang/String;Ljava/lang/String;Ljava/util/logging/Logger;)I+0
j  com.microsoft.sqlserver.jdbc.AuthenticationJNI.GenerateClientContext([BI[B[I[Z)I+24
j  com.microsoft.sqlserver.jdbc.SQLServerConnection.SSPIData([B[B[I[ZLcom/microsoft/sqlserver/jdbc/AuthenticationJNI;)V+13
j  com.microsoft.sqlserver.jdbc.SQLServerConnection.sendLogon(Lcom/microsoft/sqlserver/jdbc/SQLServerConnection$LogonCommand;Lcom/microsoft/sqlserver/jdbc/AuthenticationJNI;)V+155
j  com.microsoft.sqlserver.jdbc.SQLServerConnection.logon(Lcom/microsoft/sqlserver/jdbc/SQLServerConnection$LogonCommand;)V+20
j  com.microsoft.sqlserver.jdbc.SQLServerConnection.access$000(Lcom/microsoft/sqlserver/jdbc/SQLServerConnection;Lcom/microsoft/sqlserver/jdbc/SQLServerConnection$LogonCommand;)V+2
j  com.microsoft.sqlserver.jdbc.SQLServerConnection$LogonCommand.doExecute()Z+5
j  com.microsoft.sqlserver.jdbc.TDSCommand.execute(Lcom/microsoft/sqlserver/jdbc/TDSWriter;Lcom/microsoft/sqlserver/jdbc/TDSReader;)Z+30
j  com.microsoft.sqlserver.jdbc.SQLServerConnection.executeCommand(Lcom/microsoft/sqlserver/jdbc/TDSCommand;)Z+45
j  com.microsoft.sqlserver.jdbc.SQLServerConnection.connectHelper(Lcom/microsoft/sqlserver/jdbc/ServerPortPlaceHolder;II)V+284
j  com.microsoft.sqlserver.jdbc.SQLServerConnection.login(Ljava/lang/String;Ljava/lang/String;ILjava/lang/String;Lcom/microsoft/sqlserver/jdbc/FailoverInfo;IJ)V+399
j  com.microsoft.sqlserver.jdbc.SQLServerConnection.connect(Ljava/util/Properties;Lcom/microsoft/sqlserver/jdbc/SQLServerPooledConnection;)Ljava/sql/Connection;+1929
j  com.microsoft.sqlserver.jdbc.SQLServerDriver.connect(Ljava/lang/String;Ljava/util/Properties;)Ljava/sql/Connection;+45
j  java.sql.DriverManager.getConnection(Ljava/lang/String;Ljava/util/Properties;Ljava/lang/Class;)Ljava/sql/Connection;+171
j  java.sql.DriverManager.getConnection(Ljava/lang/String;)Ljava/sql/Connection;+13
j  Model.ProcesosDB.conectar(Ljava/lang/String;)V+10
j  Model.Nombre.Buscar()V+6
j  Controller.BusquedaController.opcionesBusqueda(LModel/BusquedaArticulo;)Ljavafx/collections/ObservableList;+1
j  Controller.BusquedaController.bnombre(Ljavafx/event/ActionEvent;Ljavafx/stage/Stage;)V+10
j  View.BusquedaView.lambda$organize$0(Ljavafx/event/ActionEvent;)V+12
j  View.BusquedaView$$Lambda$135.handle(Ljavafx/event/Event;)V+8
j  com.sun.javafx.event.CompositeEventHandler.dispatchBubblingEvent(Ljavafx/event/Event;)V+51
J 1051 C1 com.sun.javafx.event.EventHandlerManager.dispatchBubblingEvent(Ljavafx/event/EventType;Ljavafx/event/Event;)Ljavafx/event/Event; (34 bytes) @ 0x0000000002689134 [0x0000000002688bc0+0x574]
j  com.sun.javafx.event.EventHandlerManager.dispatchBubblingEvent(Ljavafx/event/Event;)Ljavafx/event/Event;+8
j  com.sun.javafx.event.CompositeEventDispatcher.dispatchBubblingEvent(Ljavafx/event/Event;)Ljavafx/event/Event;+11
j  com.sun.javafx.event.BasicEventDispatcher.dispatchEvent(Ljavafx/event/Event;Ljavafx/event/EventDispatchChain;)Ljavafx/event/Event;+29
J 1127 C1 com.sun.javafx.event.EventDispatchChainImpl.dispatchEvent(Ljavafx/event/Event;)Ljavafx/event/Event; (101 bytes) @ 0x00000000026ac93c [0x00000000026ac780+0x1bc]
j  com.sun.javafx.event.BasicEventDispatcher.dispatchEvent(Ljavafx/event/Event;Ljavafx/event/EventDispatchChain;)Ljavafx/event/Event;+17
J 1127 C1 com.sun.javafx.event.EventDispatchChainImpl.dispatchEvent(Ljavafx/event/Event;)Ljavafx/event/Event; (101 bytes) @ 0x00000000026ac93c [0x00000000026ac780+0x1bc]
j  com.sun.javafx.event.BasicEventDispatcher.dispatchEvent(Ljavafx/event/Event;Ljavafx/event/EventDispatchChain;)Ljavafx/event/Event;+17
J 1127 C1 com.sun.javafx.event.EventDispatchChainImpl.dispatchEvent(Ljavafx/event/Event;)Ljavafx/event/Event; (101 bytes) @ 0x00000000026ac93c [0x00000000026ac780+0x1bc]
j  com.sun.javafx.event.EventUtil.fireEventImpl(Ljavafx/event/EventDispatchChain;Ljavafx/event/EventTarget;Ljavafx/event/Event;)Ljavafx/event/Event;+10
j  com.sun.javafx.event.EventUtil.fireEvent(Ljavafx/event/EventTarget;Ljavafx/event/Event;)Ljavafx/event/Event;+37
j  javafx.event.Event.fireEvent(Ljavafx/event/EventTarget;Ljavafx/event/Event;)V+30
j  javafx.scene.Node.fireEvent(Ljavafx/event/Event;)V+86
j  javafx.scene.control.Button.fire()V+15
j  com.sun.javafx.scene.control.behavior.ButtonBehavior.mouseReleased(Ljavafx/scene/input/MouseEvent;)V+23
j  com.sun.javafx.scene.control.skin.BehaviorSkinBase$1.handle(Ljavafx/scene/input/MouseEvent;)V+83
j  com.sun.javafx.scene.control.skin.BehaviorSkinBase$1.handle(Ljavafx/event/Event;)V+5
j  com.sun.javafx.event.CompositeEventHandler$NormalEventHandlerRecord.handleBubblingEvent(Ljavafx/event/Event;)V+5
j  com.sun.javafx.event.CompositeEventHandler.dispatchBubblingEvent(Ljavafx/event/Event;)V+28
J 1051 C1 com.sun.javafx.event.EventHandlerManager.dispatchBubblingEvent(Ljavafx/event/EventType;Ljavafx/event/Event;)Ljavafx/event/Event; (34 bytes) @ 0x0000000002689134 [0x0000000002688bc0+0x574]
j  com.sun.javafx.event.EventHandlerManager.dispatchBubblingEvent(Ljavafx/event/Event;)Ljavafx/event/Event;+8
j  com.sun.javafx.event.CompositeEventDispatcher.dispatchBubblingEvent(Ljavafx/event/Event;)Ljavafx/event/Event;+11
j  com.sun.javafx.event.BasicEventDispatcher.dispatchEvent(Ljavafx/event/Event;Ljavafx/event/EventDispatchChain;)Ljavafx/event/Event;+29
J 1127 C1 com.sun.javafx.event.EventDispatchChainImpl.dispatchEvent(Ljavafx/event/Event;)Ljavafx/event/Event; (101 bytes) @ 0x00000000026ac93c [0x00000000026ac780+0x1bc]
j  com.sun.javafx.event.BasicEventDispatcher.dispatchEvent(Ljavafx/event/Event;Ljavafx/event/EventDispatchChain;)Ljavafx/event/Event;+17
J 1127 C1 com.sun.javafx.event.EventDispatchChainImpl.dispatchEvent(Ljavafx/event/Event;)Ljavafx/event/Event; (101 bytes) @ 0x00000000026ac93c [0x00000000026ac780+0x1bc]
j  com.sun.javafx.event.BasicEventDispatcher.dispatchEvent(Ljavafx/event/Event;Ljavafx/event/EventDispatchChain;)Ljavafx/event/Event;+17
J 1127 C1 com.sun.javafx.event.EventDispatchChainImpl.dispatchEvent(Ljavafx/event/Event;)Ljavafx/event/Event; (101 bytes) @ 0x00000000026ac93c [0x00000000026ac780+0x1bc]
j  com.sun.javafx.event.EventUtil.fireEventImpl(Ljavafx/event/EventDispatchChain;Ljavafx/event/EventTarget;Ljavafx/event/Event;)Ljavafx/event/Event;+10
j  com.sun.javafx.event.EventUtil.fireEvent(Ljavafx/event/EventTarget;Ljavafx/event/Event;)Ljavafx/event/Event;+46
j  javafx.event.Event.fireEvent(Ljavafx/event/EventTarget;Ljavafx/event/Event;)V+30
j  javafx.scene.Scene$MouseHandler.process(Ljavafx/scene/input/MouseEvent;Z)V+491
j  javafx.scene.Scene$MouseHandler.access$1500(Ljavafx/scene/Scene$MouseHandler;Ljavafx/scene/input/MouseEvent;Z)V+3
j  javafx.scene.Scene.impl_processMouseEvent(Ljavafx/scene/input/MouseEvent;)V+6
j  javafx.scene.Scene$ScenePeerListener.mouseEvent(Ljavafx/event/EventType;DDDDLjavafx/scene/input/MouseButton;ZZZZZZZZZ)V+46
j  com.sun.javafx.tk.quantum.GlassViewEventHandler$MouseEventNotification.run()Ljava/lang/Void;+571
j  com.sun.javafx.tk.quantum.GlassViewEventHandler$MouseEventNotification.run()Ljava/lang/Object;+1
v  ~StubRoutines::call_stub
J 1185  java.security.AccessController.doPrivileged(Ljava/security/PrivilegedAction;Ljava/security/AccessControlContext;)Ljava/lang/Object; (0 bytes) @ 0x00000000026c7266 [0x00000000026c7200+0x66]
j  com.sun.javafx.tk.quantum.GlassViewEventHandler.lambda$handleMouseEvent$353()Ljava/lang/Void;+11
j  com.sun.javafx.tk.quantum.GlassViewEventHandler$$Lambda$122.get()Ljava/lang/Object;+4
j  com.sun.javafx.tk.quantum.QuantumToolkit.runWithoutRenderLock(Ljava/util/function/Supplier;)Ljava/lang/Object;+18
j  com.sun.javafx.tk.quantum.GlassViewEventHandler.handleMouseEvent(Lcom/sun/glass/ui/View;JIIIIIIIZZ)V+103
j  com.sun.glass.ui.View.handleMouseEvent(JIIIIIIIZZ)V+30
j  com.sun.glass.ui.View.notifyMouse(IIIIIIIZZ)V+181
v  ~StubRoutines::call_stub
j  com.sun.glass.ui.win.WinApplication._runLoop(Ljava/lang/Runnable;)V+0
j  com.sun.glass.ui.win.WinApplication.lambda$null$147(ILjava/lang/Runnable;)V+8
j  com.sun.glass.ui.win.WinApplication$$Lambda$37.run()V+12
j  java.lang.Thread.run()V+11
v  ~StubRoutines::call_stub

---------------  P R O C E S S  ---------------

Java Threads: ( => current thread )
  0x0000000024c9e000 JavaThread "Prism Font Disposer" daemon [_thread_blocked, id=11880, stack(0x0000000025d80000,0x0000000025e80000)]
  0x0000000024b51000 JavaThread "Thread-3" daemon [_thread_in_native, id=10088, stack(0x00000000252f0000,0x00000000253f0000)]
  0x0000000024b0a800 JavaThread "JavaFX-Launcher" [_thread_blocked, id=8328, stack(0x00000000253f0000,0x00000000254f0000)]
=>0x000000001d5ed800 JavaThread "JavaFX Application Thread" [_thread_in_vm, id=8512, stack(0x000000001de00000,0x000000001df00000)]
  0x000000001d5e8000 JavaThread "Thread-1" daemon [_thread_blocked, id=12132, stack(0x000000001dd00000,0x000000001de00000)]
  0x000000001d5b2000 JavaThread "QuantumRenderer-0" daemon [_thread_blocked, id=3708, stack(0x000000001da90000,0x000000001db90000)]
  0x000000001d288800 JavaThread "Service Thread" daemon [_thread_blocked, id=5620, stack(0x000000001d660000,0x000000001d760000)]
  0x000000001b8db000 JavaThread "C1 CompilerThread2" daemon [_thread_blocked, id=2096, stack(0x000000001d160000,0x000000001d260000)]
  0x000000001b8d3800 JavaThread "C2 CompilerThread1" daemon [_thread_blocked, id=9068, stack(0x000000001d060000,0x000000001d160000)]
  0x000000001b8cf000 JavaThread "C2 CompilerThread0" daemon [_thread_blocked, id=3340, stack(0x000000001cf60000,0x000000001d060000)]
  0x000000001b8ce000 JavaThread "Attach Listener" daemon [_thread_blocked, id=9852, stack(0x000000001ce60000,0x000000001cf60000)]
  0x000000001b8cd000 JavaThread "Signal Dispatcher" daemon [_thread_blocked, id=11472, stack(0x000000001cd60000,0x000000001ce60000)]
  0x00000000022de800 JavaThread "Finalizer" daemon [_thread_blocked, id=6084, stack(0x000000001cb50000,0x000000001cc50000)]
  0x00000000022d3800 JavaThread "Reference Handler" daemon [_thread_blocked, id=5404, stack(0x000000001ca50000,0x000000001cb50000)]
  0x00000000021de000 JavaThread "main" [_thread_blocked, id=6536, stack(0x0000000002080000,0x0000000002180000)]

Other Threads:
  0x000000001b897800 VMThread [stack: 0x000000001c950000,0x000000001ca50000] [id=9836]
  0x000000001d2a1000 WatcherThread [stack: 0x000000001d760000,0x000000001d860000] [id=11884]

VM state:not at safepoint (normal execution)

VM Mutex/Monitor currently owned by a thread: None

Heap:
 PSYoungGen      total 76288K, used 49422K [0x000000076b300000, 0x0000000770800000, 0x00000007c0000000)
  eden space 65536K, 75% used [0x000000076b300000,0x000000076e343870,0x000000076f300000)
  from space 10752K, 0% used [0x000000076fd80000,0x000000076fd80000,0x0000000770800000)
  to   space 10752K, 0% used [0x000000076f300000,0x000000076f300000,0x000000076fd80000)
 ParOldGen       total 175104K, used 0K [0x00000006c1800000, 0x00000006cc300000, 0x000000076b300000)
  object space 175104K, 0% used [0x00000006c1800000,0x00000006c1800000,0x00000006cc300000)
 Metaspace       used 16486K, capacity 17026K, committed 17152K, reserved 1064960K
  class space    used 2124K, capacity 2303K, committed 2304K, reserved 1048576K

Card table byte_map: [0x00000000116a0000,0x0000000011ea0000] byte_map_base: 0x000000000e094000

Marking Bits: (ParMarkBitMap*) 0x0000000055480860
 Begin Bits: [0x00000000127f0000, 0x0000000016790000)
 End Bits:   [0x0000000016790000, 0x000000001a730000)

Polling page: 0x0000000000560000

CodeCache: size=245760Kb used=5594Kb max_used=5601Kb free=240165Kb
 bounds [0x00000000022e0000, 0x0000000002860000, 0x00000000112e0000]
 total_blobs=2411 nmethods=1753 adapters=570
 compilation: enabled

Compilation events (10 events):
Event: 3.358 Thread 0x000000001b8db000 1749       3       java.util.regex.Pattern::append (39 bytes)
Event: 3.359 Thread 0x000000001b8db000 nmethod 1749 0x000000000285a490 code [0x000000000285a600, 0x000000000285a948]
Event: 3.359 Thread 0x000000001b8db000 1751       3       java.util.regex.Pattern::next (33 bytes)
Event: 3.359 Thread 0x000000001b8db000 nmethod 1751 0x0000000002859f10 code [0x000000000285a080, 0x000000000285a348]
Event: 3.359 Thread 0x000000001b8db000 1750       3       java.util.regex.Pattern::peek (26 bytes)
Event: 3.359 Thread 0x000000001b8db000 nmethod 1750 0x0000000002859990 code [0x0000000002859b00, 0x0000000002859dc8]
Event: 3.360 Thread 0x000000001b8db000 1752       3       sun.security.util.ManifestEntryVerifier::update (48 bytes)
Event: 3.361 Thread 0x000000001b8db000 nmethod 1752 0x0000000002858890 code [0x0000000002858a60, 0x0000000002859168]
Event: 3.370 Thread 0x000000001b8db000 1753       3       com.sun.crypto.provider.AESCrypt::mul4 (181 bytes)
Event: 3.370 Thread 0x000000001b8db000 nmethod 1753 0x000000000285b150 code [0x000000000285b360, 0x000000000285bdd0]

GC Heap History (0 events):
No events

Deoptimization events (10 events):
Event: 2.889 Thread 0x000000001d5ed800 Uncommon trap: reason=unstable_if action=reinterpret pc=0x00000000025e6c10 method=java.util.HashMap.isEmpty()Z @ 4
Event: 2.892 Thread 0x000000001d5ed800 Uncommon trap: reason=unstable_if action=reinterpret pc=0x000000000270b798 method=java.lang.AbstractStringBuilder.append(Ljava/lang/String;)Ljava/lang/AbstractStringBuilder; @ 1
Event: 2.945 Thread 0x000000001d5ed800 Uncommon trap: reason=class_check action=maybe_recompile pc=0x00000000026c12d8 method=java.util.HashMap.putVal(ILjava/lang/Object;Ljava/lang/Object;ZZ)Ljava/lang/Object; @ 203
Event: 2.946 Thread 0x000000001d5ed800 Uncommon trap: reason=class_check action=maybe_recompile pc=0x00000000026c12d8 method=java.util.HashMap.putVal(ILjava/lang/Object;Ljava/lang/Object;ZZ)Ljava/lang/Object; @ 203
Event: 2.946 Thread 0x000000001d5ed800 Uncommon trap: reason=class_check action=maybe_recompile pc=0x00000000026c12d8 method=java.util.HashMap.putVal(ILjava/lang/Object;Ljava/lang/Object;ZZ)Ljava/lang/Object; @ 203
Event: 2.948 Thread 0x000000001d5ed800 Uncommon trap: reason=class_check action=maybe_recompile pc=0x00000000026c12d8 method=java.util.HashMap.putVal(ILjava/lang/Object;Ljava/lang/Object;ZZ)Ljava/lang/Object; @ 203
Event: 2.957 Thread 0x000000001d5ed800 Uncommon trap: reason=class_check action=maybe_recompile pc=0x000000000272a7f8 method=java.util.HashMap.putVal(ILjava/lang/Object;Ljava/lang/Object;ZZ)Ljava/lang/Object; @ 253
Event: 2.957 Thread 0x000000001d5ed800 Uncommon trap: reason=class_check action=maybe_recompile pc=0x000000000272a7f8 method=java.util.HashMap.putVal(ILjava/lang/Object;Ljava/lang/Object;ZZ)Ljava/lang/Object; @ 253
Event: 3.085 Thread 0x000000001d5ed800 Uncommon trap: reason=class_check action=maybe_recompile pc=0x0000000002757d64 method=java.util.regex.Pattern$BmpCharProperty.match(Ljava/util/regex/Matcher;ILjava/lang/CharSequence;)Z @ 31
Event: 3.085 Thread 0x000000001d5ed800 Uncommon trap: reason=unstable_if action=reinterpret pc=0x0000000002757d00 method=java.util.regex.Pattern$BmpCharProperty.match(Ljava/util/regex/Matcher;ILjava/lang/CharSequence;)Z @ 5

Classes redefined (0 events):
No events

Internal exceptions (10 events):
Event: 0.122 Thread 0x00000000021de000 Exception <a 'java/lang/NoSuchFieldError': method resolution failed> (0x000000076b5cc3e0) thrown at [C:\re\workspace\8-2-build-windows-amd64-cygwin\jdk8u162\10278\hotspot\src\share\vm\prims\methodHandles.cpp, line 1167]
Event: 0.124 Thread 0x00000000021de000 Exception <a 'java/lang/NoSuchFieldError': method resolution failed> (0x000000076b5d9760) thrown at [C:\re\workspace\8-2-build-windows-amd64-cygwin\jdk8u162\10278\hotspot\src\share\vm\prims\methodHandles.cpp, line 1167]
Event: 0.144 Thread 0x00000000021de000 Exception <a 'java/security/PrivilegedActionException'> (0x000000076b6646b8) thrown at [C:\re\workspace\8-2-build-windows-amd64-cygwin\jdk8u162\10278\hotspot\src\share\vm\prims\jvm.cpp, line 1390]
Event: 0.144 Thread 0x00000000021de000 Exception <a 'java/security/PrivilegedActionException'> (0x000000076b6648c8) thrown at [C:\re\workspace\8-2-build-windows-amd64-cygwin\jdk8u162\10278\hotspot\src\share\vm\prims\jvm.cpp, line 1390]
Event: 0.145 Thread 0x00000000021de000 Exception <a 'java/security/PrivilegedActionException'> (0x000000076b6687d8) thrown at [C:\re\workspace\8-2-build-windows-amd64-cygwin\jdk8u162\10278\hotspot\src\share\vm\prims\jvm.cpp, line 1390]
Event: 0.145 Thread 0x00000000021de000 Exception <a 'java/security/PrivilegedActionException'> (0x000000076b6689e8) thrown at [C:\re\workspace\8-2-build-windows-amd64-cygwin\jdk8u162\10278\hotspot\src\share\vm\prims\jvm.cpp, line 1390]
Event: 0.145 Thread 0x00000000021de000 Exception <a 'java/lang/NullPointerException'> (0x000000076b668fc0) thrown at [C:\re\workspace\8-2-build-windows-amd64-cygwin\jdk8u162\10278\hotspot\src\share\vm\interpreter\linkResolver.cpp, line 1185]
Event: 0.338 Thread 0x000000001d5ed800 Exception <a 'java/lang/NullPointerException'> (0x000000076c1924b0) thrown at [C:\re\workspace\8-2-build-windows-amd64-cygwin\jdk8u162\10278\hotspot\src\share\vm\interpreter\linkResolver.cpp, line 1185]
Event: 0.338 Thread 0x000000001d5ed800 Exception <a 'java/lang/NullPointerException'> (0x000000076c1924b0) thrown at [C:\re\workspace\8-2-build-windows-amd64-cygwin\jdk8u162\10278\hotspot\src\share\vm\prims\jvm.cpp, line 1394]
Event: 2.892 Thread 0x000000001d5ed800 Implicit null exception at 0x000000000270b3d6 to 0x000000000270b781

Events (10 events):
Event: 3.375 loading class com/sun/crypto/provider/HmacCore
Event: 3.375 loading class com/sun/crypto/provider/HmacCore done
Event: 3.375 loading class javax/crypto/MacSpi
Event: 3.375 loading class javax/crypto/MacSpi done
Event: 3.376 loading class sun/security/ssl/CipherBox$1
Event: 3.376 loading class sun/security/ssl/CipherBox$1 done
Event: 3.377 loading class com/microsoft/sqlserver/jdbc/AuthenticationJNI
Event: 3.377 loading class com/microsoft/sqlserver/jdbc/AuthenticationJNI done
Event: 3.378 loading class java/lang/ClassLoaderHelper
Event: 3.378 loading class java/lang/ClassLoaderHelper done


Dynamic libraries:
0x00007ff6a8340000 - 0x00007ff6a8377000 	C:\Program Files\Java\jdk1.8.0_162\bin\java.exe
0x00007ff9fa2b0000 - 0x00007ff9fa491000 	C:\WINDOWS\SYSTEM32\ntdll.dll
0x00007ff9c45e0000 - 0x00007ff9c4614000 	C:\Program Files\AVAST Software\Avast\x64\aswhooka.dll
0x00007ff9f9f90000 - 0x00007ff9fa042000 	C:\WINDOWS\System32\KERNEL32.DLL
0x00007ff9f7080000 - 0x00007ff9f72f3000 	C:\WINDOWS\System32\KERNELBASE.dll
0x00007ff9f7aa0000 - 0x00007ff9f7b41000 	C:\WINDOWS\System32\ADVAPI32.dll
0x00007ff9f9140000 - 0x00007ff9f91de000 	C:\WINDOWS\System32\msvcrt.dll
0x00007ff9fa100000 - 0x00007ff9fa15b000 	C:\WINDOWS\System32\sechost.dll
0x00007ff9f91e0000 - 0x00007ff9f9304000 	C:\WINDOWS\System32\RPCRT4.dll
0x00007ff9f77d0000 - 0x00007ff9f7960000 	C:\WINDOWS\System32\USER32.dll
0x00007ff9f7300000 - 0x00007ff9f7320000 	C:\WINDOWS\System32\win32u.dll
0x00007ff9f9610000 - 0x00007ff9f9638000 	C:\WINDOWS\System32\GDI32.dll
0x00007ff9f6ee0000 - 0x00007ff9f7072000 	C:\WINDOWS\System32\gdi32full.dll
0x00007ff9f6de0000 - 0x00007ff9f6e7f000 	C:\WINDOWS\System32\msvcp_win.dll
0x00007ff9f7640000 - 0x00007ff9f773a000 	C:\WINDOWS\System32\ucrtbase.dll
0x00007ff9e52a0000 - 0x00007ff9e5509000 	C:\WINDOWS\WinSxS\amd64_microsoft.windows.common-controls_6595b64144ccf1df_6.0.17134.228_none_fb4599993062b194\COMCTL32.dll
0x00007ff9f9c60000 - 0x00007ff9f9f83000 	C:\WINDOWS\System32\combase.dll
0x00007ff9f75c0000 - 0x00007ff9f763a000 	C:\WINDOWS\System32\bcryptPrimitives.dll
0x00007ff9f77a0000 - 0x00007ff9f77cd000 	C:\WINDOWS\System32\IMM32.DLL
0x0000000054b80000 - 0x0000000054c51000 	C:\Program Files\Java\jdk1.8.0_162\jre\bin\msvcr100.dll
0x0000000054c60000 - 0x0000000055500000 	C:\Program Files\Java\jdk1.8.0_162\jre\bin\server\jvm.dll
0x00007ff9f7a30000 - 0x00007ff9f7a38000 	C:\WINDOWS\System32\PSAPI.DLL
0x00007ff9e4390000 - 0x00007ff9e4399000 	C:\WINDOWS\SYSTEM32\WSOCK32.dll
0x00007ff9f9640000 - 0x00007ff9f96ac000 	C:\WINDOWS\System32\WS2_32.dll
0x00007ff9f41f0000 - 0x00007ff9f4213000 	C:\WINDOWS\SYSTEM32\WINMM.dll
0x00007ff9e7320000 - 0x00007ff9e732a000 	C:\WINDOWS\SYSTEM32\VERSION.dll
0x00007ff9f41c0000 - 0x00007ff9f41ea000 	C:\WINDOWS\SYSTEM32\WINMMBASE.dll
0x00007ff9f6d90000 - 0x00007ff9f6dd9000 	C:\WINDOWS\System32\cfgmgr32.dll
0x0000000054b30000 - 0x0000000054b3f000 	C:\Program Files\Java\jdk1.8.0_162\jre\bin\verify.dll
0x0000000054b00000 - 0x0000000054b29000 	C:\Program Files\Java\jdk1.8.0_162\jre\bin\java.dll
0x0000000054ae0000 - 0x0000000054af6000 	C:\Program Files\Java\jdk1.8.0_162\jre\bin\zip.dll
0x00007ff9f7d00000 - 0x00007ff9f9140000 	C:\WINDOWS\System32\SHELL32.dll
0x00007ff9fa050000 - 0x00007ff9fa0f9000 	C:\WINDOWS\System32\shcore.dll
0x00007ff9f6680000 - 0x00007ff9f6d8d000 	C:\WINDOWS\System32\windows.storage.dll
0x00007ff9f7740000 - 0x00007ff9f7791000 	C:\WINDOWS\System32\shlwapi.dll
0x00007ff9f65c0000 - 0x00007ff9f65d1000 	C:\WINDOWS\System32\kernel.appcore.dll
0x00007ff9f65e0000 - 0x00007ff9f65ff000 	C:\WINDOWS\System32\profapi.dll
0x00007ff9f6620000 - 0x00007ff9f666c000 	C:\WINDOWS\System32\powrprof.dll
0x00007ff9f6670000 - 0x00007ff9f667a000 	C:\WINDOWS\System32\FLTLIB.DLL
0x0000000002180000 - 0x0000000002183000 	C:\Program Files\Java\jdk1.8.0_162\jre\bin\api-ms-win-core-console-l1-1-0.dll
0x0000000002190000 - 0x0000000002193000 	C:\Program Files\Java\jdk1.8.0_162\jre\bin\api-ms-win-core-datetime-l1-1-0.dll
0x00000000021a0000 - 0x00000000021a3000 	C:\Program Files\Java\jdk1.8.0_162\jre\bin\api-ms-win-core-debug-l1-1-0.dll
0x00000000021b0000 - 0x00000000021b3000 	C:\Program Files\Java\jdk1.8.0_162\jre\bin\api-ms-win-core-errorhandling-l1-1-0.dll
0x00000000021c0000 - 0x00000000021c4000 	C:\Program Files\Java\jdk1.8.0_162\jre\bin\api-ms-win-core-file-l1-1-0.dll
0x000000001d860000 - 0x000000001d863000 	C:\Program Files\Java\jdk1.8.0_162\jre\bin\api-ms-win-core-file-l1-2-0.dll
0x000000001d870000 - 0x000000001d873000 	C:\Program Files\Java\jdk1.8.0_162\jre\bin\api-ms-win-core-file-l2-1-0.dll
0x000000001d880000 - 0x000000001d883000 	C:\Program Files\Java\jdk1.8.0_162\jre\bin\api-ms-win-core-handle-l1-1-0.dll
0x000000001d890000 - 0x000000001d893000 	C:\Program Files\Java\jdk1.8.0_162\jre\bin\api-ms-win-core-heap-l1-1-0.dll
0x000000001d8a0000 - 0x000000001d8a3000 	C:\Program Files\Java\jdk1.8.0_162\jre\bin\api-ms-win-core-interlocked-l1-1-0.dll
0x000000001d8b0000 - 0x000000001d8b3000 	C:\Program Files\Java\jdk1.8.0_162\jre\bin\api-ms-win-core-libraryloader-l1-1-0.dll
0x000000001d8c0000 - 0x000000001d8c3000 	C:\Program Files\Java\jdk1.8.0_162\jre\bin\api-ms-win-core-localization-l1-2-0.dll
0x000000001d8d0000 - 0x000000001d8d3000 	C:\Program Files\Java\jdk1.8.0_162\jre\bin\api-ms-win-core-memory-l1-1-0.dll
0x000000001d8e0000 - 0x000000001d8e3000 	C:\Program Files\Java\jdk1.8.0_162\jre\bin\api-ms-win-core-namedpipe-l1-1-0.dll
0x000000001d8f0000 - 0x000000001d8f3000 	C:\Program Files\Java\jdk1.8.0_162\jre\bin\api-ms-win-core-processenvironment-l1-1-0.dll
0x000000001d900000 - 0x000000001d903000 	C:\Program Files\Java\jdk1.8.0_162\jre\bin\api-ms-win-core-processthreads-l1-1-0.dll
0x000000001d910000 - 0x000000001d913000 	C:\Program Files\Java\jdk1.8.0_162\jre\bin\api-ms-win-core-processthreads-l1-1-1.dll
0x000000001d920000 - 0x000000001d923000 	C:\Program Files\Java\jdk1.8.0_162\jre\bin\api-ms-win-core-profile-l1-1-0.dll
0x000000001d930000 - 0x000000001d933000 	C:\Program Files\Java\jdk1.8.0_162\jre\bin\api-ms-win-core-rtlsupport-l1-1-0.dll
0x000000001d940000 - 0x000000001d943000 	C:\Program Files\Java\jdk1.8.0_162\jre\bin\api-ms-win-core-string-l1-1-0.dll
0x000000001d950000 - 0x000000001d953000 	C:\Program Files\Java\jdk1.8.0_162\jre\bin\api-ms-win-core-synch-l1-1-0.dll
0x000000001d960000 - 0x000000001d963000 	C:\Program Files\Java\jdk1.8.0_162\jre\bin\api-ms-win-core-synch-l1-2-0.dll
0x000000001d970000 - 0x000000001d973000 	C:\Program Files\Java\jdk1.8.0_162\jre\bin\api-ms-win-core-sysinfo-l1-1-0.dll
0x000000001d980000 - 0x000000001d983000 	C:\Program Files\Java\jdk1.8.0_162\jre\bin\api-ms-win-core-timezone-l1-1-0.dll
0x000000001d990000 - 0x000000001d993000 	C:\Program Files\Java\jdk1.8.0_162\jre\bin\api-ms-win-core-util-l1-1-0.dll
0x000000001d9a0000 - 0x000000001d9a3000 	C:\Program Files\Java\jdk1.8.0_162\jre\bin\api-ms-win-crt-conio-l1-1-0.dll
0x000000001d9b0000 - 0x000000001d9b4000 	C:\Program Files\Java\jdk1.8.0_162\jre\bin\api-ms-win-crt-convert-l1-1-0.dll
0x000000001d9c0000 - 0x000000001d9c3000 	C:\Program Files\Java\jdk1.8.0_162\jre\bin\api-ms-win-crt-environment-l1-1-0.dll
0x000000001d9d0000 - 0x000000001d9d3000 	C:\Program Files\Java\jdk1.8.0_162\jre\bin\api-ms-win-crt-filesystem-l1-1-0.dll
0x000000001d9e0000 - 0x000000001d9e3000 	C:\Program Files\Java\jdk1.8.0_162\jre\bin\api-ms-win-crt-heap-l1-1-0.dll
0x000000001d9f0000 - 0x000000001d9f3000 	C:\Program Files\Java\jdk1.8.0_162\jre\bin\api-ms-win-crt-locale-l1-1-0.dll
0x000000001da00000 - 0x000000001da05000 	C:\Program Files\Java\jdk1.8.0_162\jre\bin\api-ms-win-crt-math-l1-1-0.dll
0x000000001da10000 - 0x000000001da15000 	C:\Program Files\Java\jdk1.8.0_162\jre\bin\api-ms-win-crt-multibyte-l1-1-0.dll
0x000000001da20000 - 0x000000001da30000 	C:\Program Files\Java\jdk1.8.0_162\jre\bin\api-ms-win-crt-private-l1-1-0.dll
0x000000001da30000 - 0x000000001da33000 	C:\Program Files\Java\jdk1.8.0_162\jre\bin\api-ms-win-crt-process-l1-1-0.dll
0x000000001da40000 - 0x000000001da44000 	C:\Program Files\Java\jdk1.8.0_162\jre\bin\api-ms-win-crt-runtime-l1-1-0.dll
0x000000001da50000 - 0x000000001da54000 	C:\Program Files\Java\jdk1.8.0_162\jre\bin\api-ms-win-crt-stdio-l1-1-0.dll
0x000000001da60000 - 0x000000001da64000 	C:\Program Files\Java\jdk1.8.0_162\jre\bin\api-ms-win-crt-string-l1-1-0.dll
0x000000001da70000 - 0x000000001da73000 	C:\Program Files\Java\jdk1.8.0_162\jre\bin\api-ms-win-crt-time-l1-1-0.dll
0x000000001da80000 - 0x000000001da83000 	C:\Program Files\Java\jdk1.8.0_162\jre\bin\api-ms-win-crt-utility-l1-1-0.dll
0x00007ff9bf7d0000 - 0x00007ff9bf8c6000 	C:\Program Files\Java\jdk1.8.0_162\jre\bin\ucrtbase.dll
0x00007ff9cf9b0000 - 0x00007ff9cfa01000 	C:\Program Files\Java\jdk1.8.0_162\jre\bin\concrt140.dll
0x00007ff9c42b0000 - 0x00007ff9c434c000 	C:\Program Files\Java\jdk1.8.0_162\jre\bin\MSVCP140.dll
0x00007ff9e7e10000 - 0x00007ff9e7e26000 	C:\Program Files\Java\jdk1.8.0_162\jre\bin\VCRUNTIME140.dll
0x00000000547b0000 - 0x00000000547d3000 	C:\Program Files\Java\jdk1.8.0_162\jre\bin\prism_d3d.dll
0x00007ff9beac0000 - 0x00007ff9bec57000 	C:\WINDOWS\system32\d3d9.dll
0x00007ff9f49c0000 - 0x00007ff9f49e9000 	C:\WINDOWS\SYSTEM32\dwmapi.dll
0x00007ff9f48e0000 - 0x00007ff9f4978000 	C:\WINDOWS\system32\uxtheme.dll
0x00007ff9b0050000 - 0x00007ff9b38a9000 	C:\WINDOWS\System32\DriverStore\FileRepository\ki124538.inf_amd64_38801626506e1429\igdumdim64.dll
0x00007ff9f7960000 - 0x00007ff9f7a22000 	C:\WINDOWS\System32\OLEAUT32.dll
0x00007ff9f9b00000 - 0x00007ff9f9c51000 	C:\WINDOWS\System32\ole32.dll
0x00007ff9f96b0000 - 0x00007ff9f9afb000 	C:\WINDOWS\System32\SETUPAPI.dll
0x0000000054760000 - 0x00000000547a9000 	C:\Program Files\Java\jdk1.8.0_162\jre\bin\glass.dll
0x00007ff9f9320000 - 0x00007ff9f940d000 	C:\WINDOWS\System32\COMDLG32.dll
0x00007ff9f9410000 - 0x00007ff9f9585000 	C:\WINDOWS\System32\MSCTF.dll
0x00007ff9ec6d0000 - 0x00007ff9edcd2000 	C:\WINDOWS\System32\DriverStore\FileRepository\ki124538.inf_amd64_38801626506e1429\igc64.dll
0x0000000054740000 - 0x0000000054754000 	C:\Program Files\Java\jdk1.8.0_162\jre\bin\javafx_font.dll
0x00007ff9d3570000 - 0x00007ff9d388c000 	C:\WINDOWS\SYSTEM32\dwrite.dll
0x00007ff9fa1e0000 - 0x00007ff9fa280000 	C:\WINDOWS\System32\clbcatq.dll
0x00007ff9f1a80000 - 0x00007ff9f1c2e000 	C:\WINDOWS\SYSTEM32\WindowsCodecs.dll
0x00007ff9d0f40000 - 0x00007ff9d0f98000 	C:\WINDOWS\system32\dataexchange.dll
0x00007ff9f3710000 - 0x00007ff9f3a1b000 	C:\WINDOWS\system32\d3d11.dll
0x00007ff9f3ae0000 - 0x00007ff9f3c7c000 	C:\WINDOWS\system32\dcomp.dll
0x00007ff9f5380000 - 0x00007ff9f543b000 	C:\WINDOWS\system32\dxgi.dll
0x00007ff9f4b00000 - 0x00007ff9f4cb8000 	C:\WINDOWS\system32\twinapi.appcore.dll
0x00007ff9f4aa0000 - 0x00007ff9f4ac1000 	C:\WINDOWS\system32\RMCLIENT.dll
0x00007ff9cf970000 - 0x00007ff9cf9a4000 	C:\Program Files\Common Files\Microsoft Shared\Ink\rtscom.dll
0x00007ff9e55c0000 - 0x00007ff9e5657000 	C:\WINDOWS\System32\TextInputFramework.dll
0x00007ff9f0e00000 - 0x00007ff9f111e000 	C:\WINDOWS\System32\CoreUIComponents.dll
0x00007ff9f3fc0000 - 0x00007ff9f409a000 	C:\WINDOWS\System32\CoreMessaging.dll
0x00007ff9f56b0000 - 0x00007ff9f56e1000 	C:\WINDOWS\SYSTEM32\ntmarta.dll
0x00007ff9ee4d0000 - 0x00007ff9ee61d000 	C:\WINDOWS\SYSTEM32\wintypes.dll
0x0000000054720000 - 0x0000000054732000 	C:\Program Files\Java\jdk1.8.0_162\jre\bin\prism_common.dll
0x0000000054ac0000 - 0x0000000054ada000 	C:\Program Files\Java\jdk1.8.0_162\jre\bin\net.dll
0x00007ff9f5de0000 - 0x00007ff9f5e46000 	C:\WINDOWS\system32\mswsock.dll
0x00007ff9f5ba0000 - 0x00007ff9f5c5e000 	C:\WINDOWS\SYSTEM32\DNSAPI.dll
0x00007ff9f9310000 - 0x00007ff9f9318000 	C:\WINDOWS\System32\NSI.dll
0x00007ff9f5b60000 - 0x00007ff9f5b98000 	C:\WINDOWS\SYSTEM32\IPHLPAPI.DLL
0x00007ff9e7010000 - 0x00007ff9e701a000 	C:\Windows\System32\rasadhlp.dll
0x00007ff9e8600000 - 0x00007ff9e8672000 	C:\WINDOWS\System32\fwpuclnt.dll
0x00007ff9f60c0000 - 0x00007ff9f60e5000 	C:\WINDOWS\SYSTEM32\bcrypt.dll
0x00000000547f0000 - 0x0000000054814000 	C:\Program Files\Java\jdk1.8.0_162\jre\bin\sunec.dll
0x00007ff9eb030000 - 0x00007ff9eb046000 	C:\WINDOWS\SYSTEM32\dhcpcsvc6.DLL
0x00007ff9eb2d0000 - 0x00007ff9eb2ea000 	C:\WINDOWS\SYSTEM32\dhcpcsvc.DLL
0x0000000054aa0000 - 0x0000000054ab1000 	C:\Program Files\Java\jdk1.8.0_162\jre\bin\nio.dll
0x00007ff9f5f90000 - 0x00007ff9f5fa7000 	C:\WINDOWS\SYSTEM32\CRYPTSP.dll
0x00007ff9f59c0000 - 0x00007ff9f59f3000 	C:\WINDOWS\system32\rsaenh.dll
0x00007ff9f64c0000 - 0x00007ff9f64e8000 	C:\WINDOWS\SYSTEM32\USERENV.dll
0x00007ff9f5fb0000 - 0x00007ff9f5fbb000 	C:\WINDOWS\SYSTEM32\CRYPTBASE.dll

VM Arguments:
jvm_args: -Dfile.encoding=UTF-8 
java_command: Main
java_class_path (initial): C:\Isabela\Espol\6 Semestre\Diseño de Software\ProyectoFinalDS\Implementacion\sqljdbc4-2.0.jar;C:\Isabela\Espol\6 Semestre\Diseño de Software\ProyectoFinalDS\Implementacion\build\classes
Launcher Type: SUN_STANDARD

Environment Variables:
PATH=C:\Program Files (x86)\Common Files\Intel\Shared Libraries\redist\intel64\compiler;C:\ProgramData\Oracle\Java\javapath;C:\WINDOWS\system32;C:\WINDOWS;C:\WINDOWS\System32\Wbem;C:\WINDOWS\System32\WindowsPowerShell\v1.0\;C:\Program Files\Git\cmd;C:\WINDOWS\System32\OpenSSH\;C:\Program Files\Microsoft SQL Server\Client SDK\ODBC\130\Tools\Binn\;C:\Program Files (x86)\Microsoft SQL Server\140\Tools\Binn\;C:\Program Files\Microsoft SQL Server\140\Tools\Binn\;C:\Program Files\Microsoft SQL Server\140\DTS\Binn\;C:\Program Files (x86)\Microsoft SQL Server\Client SDK\ODBC\130\Tools\Binn\;C:\Program Files (x86)\Microsoft SQL Server\140\DTS\Binn\;C:\Program Files (x86)\Microsoft SQL Server\140\Tools\Binn\ManagementStudio\;C:\Users\isabe\AppData\Local\Microsoft\WindowsApps;
USERNAME=isabe
OS=Windows_NT
PROCESSOR_IDENTIFIER=Intel64 Family 6 Model 142 Stepping 9, GenuineIntel



---------------  S Y S T E M  ---------------

OS: Windows 10.0 , 64 bit Build 17134 (10.0.17134.1)

CPU:total 4 (initial active 4) (2 cores per cpu, 2 threads per core) family 6 model 142 stepping 9, cmov, cx8, fxsr, mmx, sse, sse2, sse3, ssse3, sse4.1, sse4.2, popcnt, avx, avx2, aes, clmul, erms, 3dnowpref, lzcnt, ht, tsc, tscinvbit, bmi1, bmi2, adx

Memory: 4k page, physical 16673500k(12682640k free), swap 19163868k(14466376k free)

vm_info: Java HotSpot(TM) 64-Bit Server VM (25.162-b12) for windows-amd64 JRE (1.8.0_162-b12), built on Dec 19 2017 20:00:03 by "java_re" with MS VC++ 10.0 (VS2010)

time: Mon Aug 27 13:24:55 2018
elapsed time: 3 seconds (0d 0h 0m 3s)

